<?xml version="1.0" encoding="utf-8"?><testsuites name="pytest tests"><testsuite name="pytest" errors="0" failures="0" skipped="0" tests="22" time="6.637" timestamp="2026-02-09T20:27:27.153851+00:00" hostname="agent-env-5f803546-823d-4e00-9e11-1e6ec387b661"><testcase classname="backend.tests.test_admin_auth_api.TestAuthLogin" name="test_login_success" time="0.324" /><testcase classname="backend.tests.test_admin_auth_api.TestAuthLogin" name="test_login_invalid_password" time="0.270" /><testcase classname="backend.tests.test_admin_auth_api.TestAuthLogin" name="test_login_invalid_email" time="0.049" /><testcase classname="backend.tests.test_admin_auth_api.TestAuthMe" name="test_get_current_user" time="0.349" /><testcase classname="backend.tests.test_admin_auth_api.TestAuthMe" name="test_get_current_user_no_token" time="0.038" /><testcase classname="backend.tests.test_admin_auth_api.TestAuthMe" name="test_get_current_user_invalid_token" time="0.033" /><testcase classname="backend.tests.test_admin_auth_api.TestAdminDashboard" name="test_get_dashboard_stats" time="0.303" /><testcase classname="backend.tests.test_admin_auth_api.TestAdminDashboard" name="test_dashboard_requires_auth" time="0.037" /><testcase classname="backend.tests.test_admin_auth_api.TestAdminOrders" name="test_get_admin_orders" time="0.303" /><testcase classname="backend.tests.test_admin_auth_api.TestAdminOrders" name="test_get_orders_with_status_filter" time="0.302" /><testcase classname="backend.tests.test_admin_auth_api.TestAdminOrders" name="test_update_order_status" time="0.340" /><testcase classname="backend.tests.test_admin_auth_api.TestAdminOrders" name="test_update_order_invalid_status" time="0.341" /><testcase classname="backend.tests.test_admin_auth_api.TestAdminMenuItems" name="test_create_menu_item" time="0.300" /><testcase classname="backend.tests.test_admin_auth_api.TestAdminMenuItems" name="test_update_menu_item" time="0.347" /><testcase classname="backend.tests.test_admin_auth_api.TestAdminMenuItems" name="test_delete_menu_item" time="1.422" /><testcase classname="backend.tests.test_admin_auth_api.TestAdminCategories" name="test_create_category" time="0.377" /><testcase classname="backend.tests.test_admin_auth_api.TestAdminCategories" name="test_update_category" time="0.332" /><testcase classname="backend.tests.test_admin_auth_api.TestAdminCategories" name="test_delete_category" time="0.331" /><testcase classname="backend.tests.test_admin_auth_api.TestTokenRefresh" name="test_refresh_token" time="0.298" /><testcase classname="backend.tests.test_admin_auth_api.TestTokenRefresh" name="test_refresh_invalid_token" time="0.036" /><testcase classname="backend.tests.test_admin_auth_api.TestAdminReviews" name="test_get_all_reviews" time="0.296" /><testcase classname="backend.tests.test_admin_auth_api.TestRateLimiting" name="test_rate_limiting_on_failed_logins" time="0.152" /></testsuite></testsuites>