<?xml version="1.0" encoding="utf-8"?><testsuites name="pytest tests"><testsuite name="pytest" errors="0" failures="0" skipped="0" tests="13" time="0.757" timestamp="2026-02-09T19:57:19.459167+00:00" hostname="agent-env-5f803546-823d-4e00-9e11-1e6ec387b661"><testcase classname="backend.tests.test_panaghia_api.TestHealthEndpoint" name="test_health_check" time="0.091" /><testcase classname="backend.tests.test_panaghia_api.TestRestaurantInfo" name="test_get_restaurant_info" time="0.037" /><testcase classname="backend.tests.test_panaghia_api.TestMenuCategories" name="test_get_categories" time="0.039" /><testcase classname="backend.tests.test_panaghia_api.TestMenuItems" name="test_get_all_items" time="0.040" /><testcase classname="backend.tests.test_panaghia_api.TestMenuItems" name="test_get_items_by_category" time="0.040" /><testcase classname="backend.tests.test_panaghia_api.TestMenuItems" name="test_get_popular_items" time="0.039" /><testcase classname="backend.tests.test_panaghia_api.TestMenuItems" name="test_get_single_item" time="0.038" /><testcase classname="backend.tests.test_panaghia_api.TestDailyMenu" name="test_get_daily_menu" time="0.043" /><testcase classname="backend.tests.test_panaghia_api.TestReviews" name="test_get_reviews" time="0.040" /><testcase classname="backend.tests.test_panaghia_api.TestOrders" name="test_create_order_pickup" time="0.050" /><testcase classname="backend.tests.test_panaghia_api.TestOrders" name="test_create_order_delivery" time="0.039" /><testcase classname="backend.tests.test_panaghia_api.TestOrders" name="test_get_orders" time="0.036" /><testcase classname="backend.tests.test_panaghia_api.TestAPIRoot" name="test_api_root" time="0.040" /></testsuite></testsuites>