<?xml version="1.0" encoding="utf-8"?><testsuites name="pytest tests"><testsuite name="pytest" errors="0" failures="1" skipped="0" tests="35" time="42.483" timestamp="2026-02-10T05:36:22.789952+00:00" hostname="agent-env-92f9d0c2-c62d-4ded-8e1c-08fab3ae2780"><testcase classname="backend.tests.test_admin_auth_api.TestAuthLogin" name="test_login_success" time="0.280" /><testcase classname="backend.tests.test_admin_auth_api.TestAuthLogin" name="test_login_invalid_password" time="0.260" /><testcase classname="backend.tests.test_admin_auth_api.TestAuthLogin" name="test_login_invalid_email" time="0.032" /><testcase classname="backend.tests.test_admin_auth_api.TestAuthMe" name="test_get_current_user" time="0.292" /><testcase classname="backend.tests.test_admin_auth_api.TestAuthMe" name="test_get_current_user_no_token" time="0.072" /><testcase classname="backend.tests.test_admin_auth_api.TestAuthMe" name="test_get_current_user_invalid_token" time="0.036" /><testcase classname="backend.tests.test_admin_auth_api.TestAdminDashboard" name="test_get_dashboard_stats" time="0.298" /><testcase classname="backend.tests.test_admin_auth_api.TestAdminDashboard" name="test_dashboard_requires_auth" time="0.034" /><testcase classname="backend.tests.test_admin_auth_api.TestAdminOrders" name="test_get_admin_orders" time="0.296" /><testcase classname="backend.tests.test_admin_auth_api.TestAdminOrders" name="test_get_orders_with_status_filter" time="0.292" /><testcase classname="backend.tests.test_admin_auth_api.TestAdminOrders" name="test_update_order_status" time="0.323" /><testcase classname="backend.tests.test_admin_auth_api.TestAdminOrders" name="test_update_order_invalid_status" time="0.329" /><testcase classname="backend.tests.test_admin_auth_api.TestAdminMenuItems" name="test_create_menu_item" time="0.288" /><testcase classname="backend.tests.test_admin_auth_api.TestAdminMenuItems" name="test_update_menu_item" time="0.324" /><testcase classname="backend.tests.test_admin_auth_api.TestAdminMenuItems" name="test_delete_menu_item" time="0.361" /><testcase classname="backend.tests.test_admin_auth_api.TestAdminCategories" name="test_create_category" time="0.295" /><testcase classname="backend.tests.test_admin_auth_api.TestAdminCategories" name="test_update_category" time="0.329" /><testcase classname="backend.tests.test_admin_auth_api.TestAdminCategories" name="test_delete_category" time="0.315" /><testcase classname="backend.tests.test_admin_auth_api.TestTokenRefresh" name="test_refresh_token" time="0.329" /><testcase classname="backend.tests.test_admin_auth_api.TestTokenRefresh" name="test_refresh_invalid_token" time="0.031" /><testcase classname="backend.tests.test_admin_auth_api.TestAdminReviews" name="test_get_all_reviews" time="0.311" /><testcase classname="backend.tests.test_admin_auth_api.TestRateLimiting" name="test_rate_limiting_on_failed_logins" time="0.092"><failure message="assert 429 == 401&#10; +  where 429 = &lt;Response [429]&gt;.status_code">backend/tests/test_admin_auth_api.py:523: in test_rate_limiting_on_failed_logins
    assert response.status_code == 401
E   assert 429 == 401
E    +  where 429 = &lt;Response [429]&gt;.status_code</failure></testcase><testcase classname="backend.tests.test_panaghia_api.TestHealthEndpoint" name="test_health_check" time="0.031" /><testcase classname="backend.tests.test_panaghia_api.TestRestaurantInfo" name="test_get_restaurant_info" time="0.036" /><testcase classname="backend.tests.test_panaghia_api.TestMenuCategories" name="test_get_categories" time="0.034" /><testcase classname="backend.tests.test_panaghia_api.TestMenuItems" name="test_get_all_items" time="0.030" /><testcase classname="backend.tests.test_panaghia_api.TestMenuItems" name="test_get_items_by_category" time="0.035" /><testcase classname="backend.tests.test_panaghia_api.TestMenuItems" name="test_get_popular_items" time="0.032" /><testcase classname="backend.tests.test_panaghia_api.TestMenuItems" name="test_get_single_item" time="0.035" /><testcase classname="backend.tests.test_panaghia_api.TestDailyMenu" name="test_get_daily_menu" time="0.031" /><testcase classname="backend.tests.test_panaghia_api.TestReviews" name="test_get_reviews" time="0.035" /><testcase classname="backend.tests.test_panaghia_api.TestOrders" name="test_create_order_pickup" time="0.072" /><testcase classname="backend.tests.test_panaghia_api.TestOrders" name="test_create_order_delivery" time="0.033" /><testcase classname="backend.tests.test_panaghia_api.TestOrders" name="test_get_orders" time="1.056" /><testcase classname="backend.tests.test_panaghia_api.TestAPIRoot" name="test_api_root" time="35.719" /></testsuite></testsuites>